<?xml version="1.0" encoding="UTF-8"?>
<testsuite name="SimpleBankSystemTest" tests="1" skipped="0" failures="0" errors="0" timestamp="2021-11-03T18:54:28" hostname="C02DN16LML85" time="0.694">
  <properties/>
  <testcase name="start" classname="SimpleBankSystemTest" time="0.694"/>
  <system-out><![CDATA[?[1;31m
Start test 1?[0m
1. Create an account
2. Log into account
0. Exit
> 0
?[1;31m
Start test 2?[0m
1. Create an account
2. Log into account
0. Exit
> 0
?[1;31m
Start test 3?[0m
1. Create an account
2. Log into account
0. Exit
> 0
?[1;31m
Start test 4?[0m
1. Create an account
2. Log into account
0. Exit
> 0
?[1;31m
Start test 5?[0m
1. Create an account
2. Log into account
0. Exit
> 1
Your card has been created
Your card number:
4000007794525250
Your card PIN:
2352
1. Create an account
2. Log into account
0. Exit
> 1
Your card has been created
Your card number:
4000006572769130
Your card PIN:
3551
1. Create an account
2. Log into account
0. Exit
> 1
Your card has been created
Your card number:
4000006860811347
Your card PIN:
0582
1. Create an account
2. Log into account
0. Exit
> 1
Your card has been created
Your card number:
4000001169691037
Your card PIN:
0764
1. Create an account
2. Log into account
0. Exit
> 1
Your card has been created
Your card number:
4000001741176606
Your card PIN:
8549
1. Create an account
2. Log into account
0. Exit
> 0
4000007794525250
4000006572769130
4000006860811347
4000001169691037
4000001741176606
?[1;31m
Start test 6?[0m
1. Create an account
2. Log into account
0. Exit
> 1
Your card has been created
Your card number:
4000002312962325
Your card PIN:
1536
1. Create an account
2. Log into account
0. Exit
> 2
Enter your card number:
> 4000002312962325
Enter your PIN:
> 1536
You have successfully logged in!
1. Balance
2. Add income
3. Do transfer
4. Close Account
5. Log out
0. Exit
> 0
?[1;31m
Start test 7?[0m
1. Create an account
2. Log into account
0. Exit
> 1
Your card has been created
Your card number:
4000009538731699
Your card PIN:
3610
1. Create an account
2. Log into account
0. Exit
> 2
Enter your card number:
> 4000009538731699
Enter your PIN:
> 5657
Wrong card number or PIN!
1. Create an account
2. Log into account
0. Exit
> 0
?[1;31m
Start test 8?[0m
1. Create an account
2. Log into account
0. Exit
> 1
Your card has been created
Your card number:
4000007306228021
Your card PIN:
8575
1. Create an account
2. Log into account
0. Exit
> 2
Enter your card number:
> 400000259879348
Enter your PIN:
> 8575
Wrong card number or PIN!
1. Create an account
2. Log into account
0. Exit
> 0
?[1;31m
Start test 9?[0m
1. Create an account
2. Log into account
0. Exit
> 1
Your card has been created
Your card number:
4000004270807047
Your card PIN:
8367
1. Create an account
2. Log into account
0. Exit
> 2
Enter your card number:
> 4000004270807047
Enter your PIN:
> 8367
You have successfully logged in!
1. Balance
2. Add income
3. Do transfer
4. Close Account
5. Log out
0. Exit
> 1
Balance: 0
1. Balance
2. Add income
3. Do transfer
4. Close Account
5. Log out
0. Exit
> 0
?[1;31m
Start test 10?[0m
1. Create an account
2. Log into account
0. Exit
> 1
Your card has been created
Your card number:
4000002643117409
Your card PIN:
9770
1. Create an account
2. Log into account
0. Exit
> 2
Enter your card number:
> 4000002643117409
Enter your PIN:
> 9770
You have successfully logged in!
1. Balance
2. Add income
3. Do transfer
4. Close Account
5. Log out
0. Exit
> 2
Enter income: 
> 10000
Income was added!
1. Balance
2. Add income
3. Do transfer
4. Close Account
5. Log out
0. Exit
> 0
1. Create an account
2. Log into account
0. Exit
> 2
Enter your card number:
> 4000002643117409
Enter your PIN:
> 9770
You have successfully logged in!
1. Balance
2. Add income
3. Do transfer
4. Close Account
5. Log out
0. Exit
> 2
Enter income: 
> 15000
Income was added!
1. Balance
2. Add income
3. Do transfer
4. Close Account
5. Log out
0. Exit
> 0
?[1;31m
Start test 11?[0m
1. Create an account
2. Log into account
0. Exit
> 1
Your card has been created
Your card number:
4000000640478394
Your card PIN:
2241
1. Create an account
2. Log into account
0. Exit
> 1
Your card has been created
Your card number:
4000008968894613
Your card PIN:
7125
1. Create an account
2. Log into account
0. Exit
> 2
Enter your card number:
> 4000008968894613
Enter your PIN:
> 7125
You have successfully logged in!
1. Balance
2. Add income
3. Do transfer
4. Close Account
5. Log out
0. Exit
> 3
Transfer
Enter card number:
> 2000007269641764
Probably you made a mistake in the card number. Please try again!
1. Balance
2. Add income
3. Do transfer
4. Close Account
5. Log out
0. Exit
> 3
Transfer
Enter card number:
> 2000007269641768
Such a card does not exist.
1. Balance
2. Add income
3. Do transfer
4. Close Account
5. Log out
0. Exit
> 3
Transfer
Enter card number:
> 4000000640478394
> 100000
Not enough money!
1. Balance
2. Add income
3. Do transfer
4. Close Account
5. Log out
0. Exit
> 2
Enter income: 
> 20000
Income was added!
1. Balance
2. Add income
3. Do transfer
4. Close Account
5. Log out
0. Exit
> 3
Transfer
Enter card number:
> 4000000640478394
> 10000
Success!
1. Balance
2. Add income
3. Do transfer
4. Close Account
5. Log out
0. Exit
> 0
?[1;31m
Start test 12?[0m
1. Create an account
2. Log into account
0. Exit
> 1
Your card has been created
Your card number:
4000008012021163
Your card PIN:
4344
1. Create an account
2. Log into account
0. Exit
> 2
Enter your card number:
> 4000008012021163
Enter your PIN:
> 4344
You have successfully logged in!
1. Balance
2. Add income
3. Do transfer
4. Close Account
5. Log out
0. Exit
> 4
The account has been closed!
1. Create an account
2. Log into account
0. Exit
> 0
]]></system-out>
  <system-err><![CDATA[]]></system-err>
</testsuite>
